<?xml version="1.0" encoding="UTF-8"?>
<!-- Generated by org.testng.reporters.JUnitXMLReporter -->
<testsuite hostname="DESKTOP-TFADDNR" ignored="0" name="Test" tests="1" failures="1" timestamp="2021-07-16T14:59:00 MST" time="1.877" errors="0">
  <testcase name="f" time="1.843" classname="BrowserActions.Browser">
    <failure type="org.openqa.selenium.SessionNotCreatedException" message="session not created: This version of ChromeDriver only supports Chrome version 86
Current browser version is 91.0.4472.124 with binary path C:\Program Files (x86)\Google\Chrome\Application\chrome.exe
Build info: version: &amp;apos;3.141.59&amp;apos;, revision: &amp;apos;e82be7d358&amp;apos;, time: &amp;apos;2018-11-14T08:25:53&amp;apos;
System info: host: &amp;apos;DESKTOP-TFADDNR&amp;apos;, ip: &amp;apos;192.168.0.34&amp;apos;, os.name: &amp;apos;Windows 10&amp;apos;, os.arch: &amp;apos;amd64&amp;apos;, os.version: &amp;apos;10.0&amp;apos;, java.version: &amp;apos;1.8.0_261&amp;apos;
Driver info: driver.version: ChromeDriver
remote stacktrace: Backtrace:
	Ordinal0 [0x0052C013+3194899]
	Ordinal0 [0x00416021+2056225]
	Ordinal0 [0x002AF608+587272]
	Ordinal0 [0x00231BF3+72691]
	Ordinal0 [0x0022E229+57897]
	Ordinal0 [0x0022C64A+50762]
	Ordinal0 [0x00251EE9+204521]
	Ordinal0 [0x00251D0D+204045]
	Ordinal0 [0x0024FC1B+195611]
	Ordinal0 [0x00233B7F+80767]
	Ordinal0 [0x00234B4E+84814]
	Ordinal0 [0x00234AD9+84697]
	Ordinal0 [0x0042CE64+2149988]
	GetHandleVerifier [0x0069BE95+1400773]
	GetHandleVerifier [0x0069BB61+1399953]
	GetHandleVerifier [0x006A31FA+1430314]
	GetHandleVerifier [0x0069C69F+1402831]
	Ordinal0 [0x00423D61+2112865]
	Ordinal0 [0x0042E5CB+2155979]
	Ordinal0 [0x0042E6F5+2156277]
	Ordinal0 [0x0043F26E+2224750]
	BaseThreadInitThunk [0x76C4FA29+25]
	RtlGetAppContainerNamedObjectPath [0x77737A7E+286]
	RtlGetAppContainerNamedObjectPath [0x77737A4E+238]
">
      <![CDATA[org.openqa.selenium.SessionNotCreatedException: session not created: This version of ChromeDriver only supports Chrome version 86
Current browser version is 91.0.4472.124 with binary path C:\Program Files (x86)\Google\Chrome\Application\chrome.exe
Build info: version: '3.141.59', revision: 'e82be7d358', time: '2018-11-14T08:25:53'
System info: host: 'DESKTOP-TFADDNR', ip: '192.168.0.34', os.name: 'Windows 10', os.arch: 'amd64', os.version: '10.0', java.version: '1.8.0_261'
Driver info: driver.version: ChromeDriver
remote stacktrace: Backtrace:
Ordinal0 [0x0052C013+3194899]
Ordinal0 [0x00416021+2056225]
Ordinal0 [0x002AF608+587272]
Ordinal0 [0x00231BF3+72691]
Ordinal0 [0x0022E229+57897]
Ordinal0 [0x0022C64A+50762]
Ordinal0 [0x00251EE9+204521]
Ordinal0 [0x00251D0D+204045]
Ordinal0 [0x0024FC1B+195611]
Ordinal0 [0x00233B7F+80767]
Ordinal0 [0x00234B4E+84814]
Ordinal0 [0x00234AD9+84697]
Ordinal0 [0x0042CE64+2149988]
GetHandleVerifier [0x0069BE95+1400773]
GetHandleVerifier [0x0069BB61+1399953]
GetHandleVerifier [0x006A31FA+1430314]
GetHandleVerifier [0x0069C69F+1402831]
Ordinal0 [0x00423D61+2112865]
Ordinal0 [0x0042E5CB+2155979]
Ordinal0 [0x0042E6F5+2156277]
Ordinal0 [0x0043F26E+2224750]
BaseThreadInitThunk [0x76C4FA29+25]
RtlGetAppContainerNamedObjectPath [0x77737A7E+286]
RtlGetAppContainerNamedObjectPath [0x77737A4E+238]

at org.openqa.selenium.remote.W3CHandshakeResponse.lambda$errorHandler$0(W3CHandshakeResponse.java:62)
at org.openqa.selenium.remote.HandshakeResponse.lambda$getResponseFunction$0(HandshakeResponse.java:30)
at org.openqa.selenium.remote.ProtocolHandshake.lambda$createSession$0(ProtocolHandshake.java:126)
at java.util.stream.ReferencePipeline$3$1.accept(Unknown Source)
at java.util.Spliterators$ArraySpliterator.tryAdvance(Unknown Source)
at java.util.stream.ReferencePipeline.forEachWithCancel(Unknown Source)
at java.util.stream.AbstractPipeline.copyIntoWithCancel(Unknown Source)
at java.util.stream.AbstractPipeline.copyInto(Unknown Source)
at java.util.stream.AbstractPipeline.wrapAndCopyInto(Unknown Source)
at java.util.stream.FindOps$FindOp.evaluateSequential(Unknown Source)
at java.util.stream.AbstractPipeline.evaluate(Unknown Source)
at java.util.stream.ReferencePipeline.findFirst(Unknown Source)
at org.openqa.selenium.remote.ProtocolHandshake.createSession(ProtocolHandshake.java:128)
at org.openqa.selenium.remote.ProtocolHandshake.createSession(ProtocolHandshake.java:74)
at org.openqa.selenium.remote.HttpCommandExecutor.execute(HttpCommandExecutor.java:136)
at org.openqa.selenium.remote.service.DriverCommandExecutor.execute(DriverCommandExecutor.java:83)
at org.openqa.selenium.remote.RemoteWebDriver.execute(RemoteWebDriver.java:552)
at org.openqa.selenium.remote.RemoteWebDriver.startSession(RemoteWebDriver.java:213)
at org.openqa.selenium.remote.RemoteWebDriver.<init>(RemoteWebDriver.java:131)
at org.openqa.selenium.chrome.ChromeDriver.<init>(ChromeDriver.java:181)
at org.openqa.selenium.chrome.ChromeDriver.<init>(ChromeDriver.java:168)
at org.openqa.selenium.chrome.ChromeDriver.<init>(ChromeDriver.java:123)
at BrowserActions.Browser.f(Browser.java:19)
at java.util.ArrayList.forEach(Unknown Source)
... Removed 31 stack frames]]>
    </failure>
  </testcase> <!-- f -->
</testsuite> <!-- Test -->
